<?xml version="1.0" encoding="UTF-8"?>
<!-- Generated by org.testng.reporters.JUnitXMLReporter -->
<testsuite hostname="DESKTOP-0JTJ2UQ" ignored="1" name="Default test" tests="3" failures="0" timestamp="08 may 2019 01:02:15 GMT" time="0.071" errors="0">
  <testcase name="adicionTest" time="0.014" classname="tests.UnitTest"/>
  <testcase name="divisionTest" time="0.006" classname="tests.UnitTest"/>
  <testcase name="extraccionTest" time="0.01" classname="tests.UnitTest"/>
  <testcase name="multiplicacionTest" time="0.0" classname="tests.UnitTest">
    <ignored/>
  </testcase> <!-- multiplicacionTest -->
</testsuite> <!-- Default test -->
