<?xml version="1.0" encoding="UTF-8"?>
<testng-results skipped="0" failed="0" ignored="1" total="4" passed="3">
  <reporter-output>
  </reporter-output>
  <suite name="Default suite" duration-ms="71" started-at="2019-05-08T01:02:15Z" finished-at="2019-05-08T01:02:15Z">
    <groups>
    </groups>
    <test name="Default test" duration-ms="71" started-at="2019-05-08T01:02:15Z" finished-at="2019-05-08T01:02:15Z">
      <class name="tests.UnitTest">
        <test-method status="PASS" signature="beforeTest()[pri:0, instance:tests.UnitTest@735b5592]" name="beforeTest" is-config="true" duration-ms="21" started-at="2019-05-08T01:02:15Z" finished-at="2019-05-08T01:02:15Z">
          <reporter-output>
          </reporter-output>
        </test-method> <!-- beforeTest -->
        <test-method status="PASS" signature="beforeClass()[pri:0, instance:tests.UnitTest@735b5592]" name="beforeClass" is-config="true" duration-ms="10" started-at="2019-05-08T01:02:15Z" finished-at="2019-05-08T01:02:15Z">
          <reporter-output>
          </reporter-output>
        </test-method> <!-- beforeClass -->
        <test-method status="PASS" signature="adicionTest()[pri:0, instance:tests.UnitTest@735b5592]" name="adicionTest" duration-ms="14" started-at="2019-05-08T01:02:15Z" finished-at="2019-05-08T01:02:15Z">
          <reporter-output>
          </reporter-output>
        </test-method> <!-- adicionTest -->
        <test-method status="PASS" signature="divisionTest()[pri:0, instance:tests.UnitTest@735b5592]" name="divisionTest" duration-ms="6" started-at="2019-05-08T01:02:15Z" finished-at="2019-05-08T01:02:15Z">
          <exception class="java.lang.IllegalArgumentException">
            <message>
              <![CDATA[Argumento 'divisor' es 0]]>
            </message>
            <full-stacktrace>
              <![CDATA[java.lang.IllegalArgumentException: Argumento 'divisor' es 0
at org.calculadora.Division.division(Division.java:7)
at tests.UnitTest.divisionTest(UnitTest.java:73)
at sun.reflect.NativeMethodAccessorImpl.invoke0(Native Method)
at sun.reflect.NativeMethodAccessorImpl.invoke(NativeMethodAccessorImpl.java:62)
at sun.reflect.DelegatingMethodAccessorImpl.invoke(DelegatingMethodAccessorImpl.java:43)
at java.lang.reflect.Method.invoke(Method.java:498)
at org.testng.internal.MethodInvocationHelper.invokeMethod(MethodInvocationHelper.java:124)
at org.testng.internal.Invoker.invokeMethod(Invoker.java:583)
at org.testng.internal.Invoker.invokeTestMethod(Invoker.java:719)
at org.testng.internal.Invoker.invokeTestMethods(Invoker.java:989)
at org.testng.internal.TestMethodWorker.invokeTestMethods(TestMethodWorker.java:125)
at org.testng.internal.TestMethodWorker.run(TestMethodWorker.java:109)
at org.testng.TestRunner.privateRun(TestRunner.java:648)
at org.testng.TestRunner.run(TestRunner.java:505)
at org.testng.SuiteRunner.runTest(SuiteRunner.java:455)
at org.testng.SuiteRunner.runSequentially(SuiteRunner.java:450)
at org.testng.SuiteRunner.privateRun(SuiteRunner.java:415)
at org.testng.SuiteRunner.run(SuiteRunner.java:364)
at org.testng.SuiteRunnerWorker.runSuite(SuiteRunnerWorker.java:52)
at org.testng.SuiteRunnerWorker.run(SuiteRunnerWorker.java:84)
at org.testng.TestNG.runSuitesSequentially(TestNG.java:1208)
at org.testng.TestNG.runSuitesLocally(TestNG.java:1137)
at org.testng.TestNG.runSuites(TestNG.java:1049)
at org.testng.TestNG.run(TestNG.java:1017)
at org.testng.remote.AbstractRemoteTestNG.run(AbstractRemoteTestNG.java:114)
at org.testng.remote.RemoteTestNG.initAndRun(RemoteTestNG.java:251)
at org.testng.remote.RemoteTestNG.main(RemoteTestNG.java:77)
]]>
            </full-stacktrace>
          </exception> <!-- java.lang.IllegalArgumentException -->
          <reporter-output>
          </reporter-output>
        </test-method> <!-- divisionTest -->
        <test-method status="PASS" signature="extraccionTest()[pri:0, instance:tests.UnitTest@735b5592]" name="extraccionTest" duration-ms="10" started-at="2019-05-08T01:02:15Z" finished-at="2019-05-08T01:02:15Z">
          <reporter-output>
          </reporter-output>
        </test-method> <!-- extraccionTest -->
        <test-method status="PASS" signature="afterTest()[pri:0, instance:tests.UnitTest@735b5592]" name="afterTest" is-config="true" duration-ms="0" started-at="2019-05-08T01:02:15Z" finished-at="2019-05-08T01:02:15Z">
          <reporter-output>
          </reporter-output>
        </test-method> <!-- afterTest -->
        <test-method status="PASS" signature="afterClass()[pri:0, instance:tests.UnitTest@735b5592]" name="afterClass" is-config="true" duration-ms="0" started-at="2019-05-08T01:02:15Z" finished-at="2019-05-08T01:02:15Z">
          <reporter-output>
          </reporter-output>
        </test-method> <!-- afterClass -->
      </class> <!-- tests.UnitTest -->
    </test> <!-- Default test -->
  </suite> <!-- Default suite -->
</testng-results>
