<?xml version="1.0" encoding="UTF-8"?>
<!-- Generated by org.testng.reporters.JUnitXMLReporter -->
<testsuite hostname="DESKTOP-0JTJ2UQ" ignored="1" name="Command line test" tests="3" failures="0" timestamp="15 feb 2019 04:22:58 GMT" time="0.103" errors="0">
  <testcase name="adicionTest" time="0.02" classname="tests.UnitTest"/>
  <testcase name="divisionTest" time="0.001" classname="tests.UnitTest"/>
  <testcase name="extraccionTest" time="0.008" classname="tests.UnitTest"/>
  <testcase name="multiplicacionTest" time="0.0" classname="tests.UnitTest">
    <ignored/>
  </testcase> <!-- multiplicacionTest -->
</testsuite> <!-- Command line test -->
